Removed Pin From Net: NetName=+5V Pin=R89-2
Removed Pin From Net: NetName=+5V Pin=R90-2
Removed Pin From Net: NetName=+5V Pin=R91-2
Removed Pin From Net: NetName=+5V Pin=R92-2
Removed Pin From Net: NetName=+5V Pin=R93-2
Removed Pin From Net: NetName=+5V Pin=R94-2
Removed Pin From Net: NetName=+5V Pin=R95-2
Removed Pin From Net: NetName=+5V Pin=R96-2
Removed Pin From Net: NetName=+5V Pin=R97-2
Removed Pin From Net: NetName=+5V Pin=R98-2
Removed Pin From Net: NetName=+5V Pin=R99-2
Removed Pin From Net: NetName=+5V Pin=R100-2
Removed Pin From Net: NetName=+5V Pin=R101-2
Removed Pin From Net: NetName=+5V Pin=R102-2
Removed Pin From Net: NetName=+5V Pin=R103-2
Removed Pin From Net: NetName=+5V Pin=R104-2
Removed Pin From Net: NetName=+5V Pin=R105-2
Removed Pin From Net: NetName=+5V Pin=R106-2
Removed Pin From Net: NetName=+5V Pin=R107-2
Removed Pin From Net: NetName=GND Pin=R108-1
Removed Pin From Net: NetName=M_IN_1 Pin=R108-2
Removed Pin From Net: NetName=GND Pin=R109-1
Removed Pin From Net: NetName=M_IN_2 Pin=R109-2
Removed Pin From Net: NetName=GND Pin=R110-1
Removed Pin From Net: NetName=M_IN_3 Pin=R110-2
Removed Pin From Net: NetName=GND Pin=R111-1
Removed Pin From Net: NetName=M_IN_4 Pin=R111-2
Removed Pin From Net: NetName=GND Pin=R112-1
Removed Pin From Net: NetName=M_IN_5 Pin=R112-2
Removed Pin From Net: NetName=GND Pin=R113-1
Removed Pin From Net: NetName=M_IN_6 Pin=R113-2
Removed Pin From Net: NetName=GND Pin=R114-1
Removed Pin From Net: NetName=M_IN_7 Pin=R114-2
Removed Pin From Net: NetName=GND Pin=R115-1
Removed Pin From Net: NetName=M_IN_8 Pin=R115-2
Removed Pin From Net: NetName=GND Pin=R116-1
Removed Pin From Net: NetName=M_IN_9 Pin=R116-2
Removed Pin From Net: NetName=GND Pin=R117-1
Removed Pin From Net: NetName=M_IN_10 Pin=R117-2
Removed Pin From Net: NetName=GND Pin=R118-1
Removed Pin From Net: NetName=M_IN_11 Pin=R118-2
Removed Pin From Net: NetName=GND Pin=R119-1
Removed Pin From Net: NetName=M_IN_12 Pin=R119-2
Removed Pin From Net: NetName=GND Pin=R120-1
Removed Pin From Net: NetName=M_IN_13 Pin=R120-2
Removed Pin From Net: NetName=GND Pin=R121-1
Removed Pin From Net: NetName=M_IN_14 Pin=R121-2
Removed Pin From Net: NetName=GND Pin=R122-1
Removed Pin From Net: NetName=M_IN_15 Pin=R122-2
Removed Pin From Net: NetName=GND Pin=R123-1
Removed Pin From Net: NetName=M_IN_16 Pin=R123-2
Removed Pin From Net: NetName=GND Pin=R124-1
Removed Pin From Net: NetName=M_IN_17 Pin=R124-2
Removed Pin From Net: NetName=GND Pin=R125-1
Removed Pin From Net: NetName=M_IN_18 Pin=R125-2
Removed Pin From Net: NetName=GND Pin=R126-1
Removed Pin From Net: NetName=M_IN_19 Pin=R126-2
Removed Pin From Net: NetName=+5V Pin=R127-2
Removed Pin From Net: NetName=+5V Pin=R128-2
Removed Pin From Net: NetName=+5V Pin=R129-2
Removed Pin From Net: NetName=+5V Pin=R130-2
Removed Pin From Net: NetName=+5V Pin=R131-2
Removed Pin From Net: NetName=+5V Pin=R132-2
Removed Pin From Net: NetName=+5V Pin=R133-2
Removed Pin From Net: NetName=+5V Pin=R134-2
Removed Pin From Net: NetName=+5V Pin=R135-2
Removed Pin From Net: NetName=+5V Pin=R136-2
Removed Pin From Net: NetName=+5V Pin=R137-2
Removed Pin From Net: NetName=+5V Pin=R138-2
Removed Pin From Net: NetName=+5V Pin=R139-2
Removed Pin From Net: NetName=GND Pin=R140-1
Removed Pin From Net: NetName=M_IN_20 Pin=R140-2
Removed Pin From Net: NetName=GND Pin=R141-1
Removed Pin From Net: NetName=M_IN_21 Pin=R141-2
Removed Pin From Net: NetName=GND Pin=R142-1
Removed Pin From Net: NetName=M_IN_22 Pin=R142-2
Removed Pin From Net: NetName=GND Pin=R143-1
Removed Pin From Net: NetName=M_IN_23 Pin=R143-2
Removed Pin From Net: NetName=GND Pin=R144-1
Removed Pin From Net: NetName=M_IN_24 Pin=R144-2
Removed Pin From Net: NetName=GND Pin=R145-1
Removed Pin From Net: NetName=M_IN_25 Pin=R145-2
Removed Pin From Net: NetName=GND Pin=R146-1
Removed Pin From Net: NetName=M_IN_26 Pin=R146-2
Removed Pin From Net: NetName=GND Pin=R147-1
Removed Pin From Net: NetName=M_IN_27 Pin=R147-2
Removed Pin From Net: NetName=GND Pin=R148-1
Removed Pin From Net: NetName=M_IN_28 Pin=R148-2
Removed Pin From Net: NetName=GND Pin=R149-1
Removed Pin From Net: NetName=M_IN_29 Pin=R149-2
Removed Pin From Net: NetName=GND Pin=R150-1
Removed Pin From Net: NetName=M_IN_30 Pin=R150-2
Removed Pin From Net: NetName=GND Pin=R151-1
Removed Pin From Net: NetName=M_IN_31 Pin=R151-2
Removed Pin From Net: NetName=GND Pin=R152-1
Removed Pin From Net: NetName=M_IN_32 Pin=R152-2
Removed Member From Class: ClassName=Res Member=R108
Removed Member From Class: ClassName=Res Member=R109
Removed Member From Class: ClassName=Res Member=R110
Removed Member From Class: ClassName=Res Member=R111
Removed Member From Class: ClassName=Res Member=R112
Removed Member From Class: ClassName=Res Member=R113
Removed Member From Class: ClassName=Res Member=R114
Removed Member From Class: ClassName=Res Member=R115
Removed Member From Class: ClassName=Res Member=R116
Removed Member From Class: ClassName=Res Member=R117
Removed Member From Class: ClassName=Res Member=R118
Removed Member From Class: ClassName=Res Member=R119
Removed Member From Class: ClassName=Res Member=R120
Removed Member From Class: ClassName=Res Member=R121
Removed Member From Class: ClassName=Res Member=R122
Removed Member From Class: ClassName=Res Member=R123
Removed Member From Class: ClassName=Res Member=R124
Removed Member From Class: ClassName=Res Member=R125
Removed Member From Class: ClassName=Res Member=R126
Removed Member From Class: ClassName=Res Member=R140
Removed Member From Class: ClassName=Res Member=R141
Removed Member From Class: ClassName=Res Member=R142
Removed Member From Class: ClassName=Res Member=R143
Removed Member From Class: ClassName=Res Member=R144
Removed Member From Class: ClassName=Res Member=R145
Removed Member From Class: ClassName=Res Member=R146
Removed Member From Class: ClassName=Res Member=R147
Removed Member From Class: ClassName=Res Member=R148
Removed Member From Class: ClassName=Res Member=R149
Removed Member From Class: ClassName=Res Member=R150
Removed Member From Class: ClassName=Res Member=R151
Removed Member From Class: ClassName=Res Member=R152
Added Component: Designator=P?(CON_3)
Added Component: Designator=P?(CON_3)
Added Component: Designator=P?(CON_3)
Added Component: Designator=P?(CON_3)
Added Pin To Net: NetName=+5V Pin=P?-1
Added Pin To Net: NetName=+5V Pin=P?-1
Added Pin To Net: NetName=+5V Pin=P?-1
Added Pin To Net: NetName=+5V Pin=P?-1
Added Pin To Net: NetName=GND Pin=P?-3
Added Pin To Net: NetName=GND Pin=P?-3
Added Pin To Net: NetName=GND Pin=P?-3
Added Pin To Net: NetName=GND Pin=P?-3
Added Pin To Net: NetName=NetP?_2 Pin=P?-2
Added Pin To Net: NetName=NetP?_2 Pin=R132-2
Added Pin To Net: NetName=NetP?_2 Pin=R133-2
Added Pin To Net: NetName=NetP?_2 Pin=R134-2
Added Pin To Net: NetName=NetP?_2 Pin=R135-2
Added Pin To Net: NetName=NetP?_2 Pin=R136-2
Added Pin To Net: NetName=NetP?_2 Pin=R137-2
Added Pin To Net: NetName=NetP?_2 Pin=R138-2
Added Pin To Net: NetName=NetP?_2 Pin=R139-2
Added Net: Name=NetP?_2
Added Member To Class: ClassName=Res Member=Component P? Con_3
Added Member To Class: ClassName=Res Member=Component P? Con_3
Added Member To Class: ClassName=Res Member=Component P? Con_3
Added Member To Class: ClassName=Res Member=Component P? Con_3
Added Room: Name=control
Added Room: Name=control_2
Added Room: Name=Res
Added Room: Name=Supply
Added Room: Name=Task
