Added Component: Designator=C66(C0805)
Added Component: Designator=C67(C0805)
Added Component: Designator=C68(C0805)
Added Component: Designator=C69(C0805)
Added Component: Designator=C70(C0805)
Added Component: Designator=C71(C0805)
Added Component: Designator=C72(C0805)
Added Component: Designator=C73(C0805)
Added Component: Designator=C74(C0805)
Added Component: Designator=C75(C0805)
Added Component: Designator=C76(C0805)
Added Component: Designator=R169(R0805)
Added Component: Designator=R170(R0805)
Added Component: Designator=R171(R0805)
Added Component: Designator=R172(R0805)
Added Component: Designator=R173(R0805)
Added Component: Designator=R174(R0805)
Added Component: Designator=R175(R0805)
Added Component: Designator=R176(R0805)
Added Component: Designator=R177(R0805)
Added Component: Designator=R178(R0805)
Added Component: Designator=R179(R0805)
Added Pin To Net: NetName=IN_1_1 Pin=C66-1
Added Pin To Net: NetName=GND Pin=C66-2
Added Pin To Net: NetName=IN_1_2 Pin=C67-1
Added Pin To Net: NetName=GND Pin=C67-2
Added Pin To Net: NetName=IN_1_3 Pin=C68-1
Added Pin To Net: NetName=GND Pin=C68-2
Added Pin To Net: NetName=IN_1_4 Pin=C69-1
Added Pin To Net: NetName=GND Pin=C69-2
Added Pin To Net: NetName=IN_1_5 Pin=C70-1
Added Pin To Net: NetName=GND Pin=C70-2
Added Pin To Net: NetName=IN_1_6 Pin=C71-1
Added Pin To Net: NetName=GND Pin=C71-2
Added Pin To Net: NetName=IN_1_7 Pin=C72-1
Added Pin To Net: NetName=GND Pin=C72-2
Added Pin To Net: NetName=IN_1_8 Pin=C73-1
Added Pin To Net: NetName=GND Pin=C73-2
Added Pin To Net: NetName=IN_1_9 Pin=C74-1
Added Pin To Net: NetName=GND Pin=C74-2
Added Pin To Net: NetName=IN_1_10 Pin=C75-1
Added Pin To Net: NetName=GND Pin=C75-2
Added Pin To Net: NetName=IN_1_11 Pin=C76-1
Added Pin To Net: NetName=GND Pin=C76-2
Added Pin To Net: NetName=IN_1_1 Pin=R169-1
Added Pin To Net: NetName=+5V Pin=R169-2
Added Pin To Net: NetName=IN_1_2 Pin=R170-1
Added Pin To Net: NetName=+5V Pin=R170-2
Added Pin To Net: NetName=IN_1_3 Pin=R171-1
Added Pin To Net: NetName=+5V Pin=R171-2
Added Pin To Net: NetName=IN_1_4 Pin=R172-1
Added Pin To Net: NetName=+5V Pin=R172-2
Added Pin To Net: NetName=IN_1_5 Pin=R173-1
Added Pin To Net: NetName=+5V Pin=R173-2
Added Pin To Net: NetName=IN_1_6 Pin=R174-1
Added Pin To Net: NetName=+5V Pin=R174-2
Added Pin To Net: NetName=IN_1_7 Pin=R175-1
Added Pin To Net: NetName=+5V Pin=R175-2
Added Pin To Net: NetName=IN_1_8 Pin=R176-1
Added Pin To Net: NetName=+5V Pin=R176-2
Added Pin To Net: NetName=IN_1_9 Pin=R177-1
Added Pin To Net: NetName=+5V Pin=R177-2
Added Pin To Net: NetName=IN_1_10 Pin=R178-1
Added Pin To Net: NetName=+5V Pin=R178-2
Added Pin To Net: NetName=IN_1_11 Pin=R179-1
Added Pin To Net: NetName=+5V Pin=R179-2
Added Member To Class: ClassName=Res Member=Component C66 100n
Added Member To Class: ClassName=Res Member=Component C67 100n
Added Member To Class: ClassName=Res Member=Component C68 100n
Added Member To Class: ClassName=Res Member=Component C69 100n
Added Member To Class: ClassName=Res Member=Component C70 100n
Added Member To Class: ClassName=Res Member=Component C71 100n
Added Member To Class: ClassName=Res Member=Component C72 100n
Added Member To Class: ClassName=Res Member=Component C73 100n
Added Member To Class: ClassName=Res Member=Component C74 100n
Added Member To Class: ClassName=Res Member=Component C75 100n
Added Member To Class: ClassName=Res Member=Component C76 100n
Added Member To Class: ClassName=control Member=Component D13 hcpl-181
Added Member To Class: ClassName=Res Member=Component R169 680
Added Member To Class: ClassName=Res Member=Component R170 680
Added Member To Class: ClassName=Res Member=Component R171 680
Added Member To Class: ClassName=Res Member=Component R172 680
Added Member To Class: ClassName=Res Member=Component R173 680
Added Member To Class: ClassName=Res Member=Component R174 680
Added Member To Class: ClassName=Res Member=Component R175 680
Added Member To Class: ClassName=Res Member=Component R176 680
Added Member To Class: ClassName=Res Member=Component R177 680
Added Member To Class: ClassName=Res Member=Component R178 680
Added Member To Class: ClassName=Res Member=Component R179 680
Added Room: Name=control
Added Room: Name=control_2
Added Room: Name=Res
Added Room: Name=Supply
Added Room: Name=Task
