Removed Pin From Net: NetName=M_IN_13 Pin=P16-5
Removed Pin From Net: NetName=M_IN_14 Pin=P16-6
Removed Pin From Net: NetName=M_IN_15 Pin=P16-7
Removed Pin From Net: NetName=M_IN_16 Pin=P16-8
Removed Pin From Net: NetName=M_IN_21 Pin=P19-5
Removed Pin From Net: NetName=M_IN_22 Pin=P19-6
Removed Pin From Net: NetName=M_IN_23 Pin=P19-7
Removed Pin From Net: NetName=M_IN_24 Pin=P19-8
Removed Pin From Net: NetName=M_IN_29 Pin=P20-5
Removed Pin From Net: NetName=M_IN_30 Pin=P20-6
Removed Pin From Net: NetName=M_IN_31 Pin=P20-7
Removed Pin From Net: NetName=M_IN_32 Pin=P20-8
Added Pin To Net: NetName=M_IN_16 Pin=P16-5
Added Pin To Net: NetName=M_IN_15 Pin=P16-6
Added Pin To Net: NetName=M_IN_14 Pin=P16-7
Added Pin To Net: NetName=M_IN_13 Pin=P16-8
Added Pin To Net: NetName=M_IN_24 Pin=P19-5
Added Pin To Net: NetName=M_IN_23 Pin=P19-6
Added Pin To Net: NetName=M_IN_22 Pin=P19-7
Added Pin To Net: NetName=M_IN_21 Pin=P19-8
Added Pin To Net: NetName=M_IN_32 Pin=P20-5
Added Pin To Net: NetName=M_IN_31 Pin=P20-6
Added Pin To Net: NetName=M_IN_30 Pin=P20-7
Added Pin To Net: NetName=M_IN_29 Pin=P20-8
Added Room: Name=control
Added Room: Name=control_2
Added Room: Name=Res
Added Room: Name=Supply
Added Room: Name=Task
