Added Component: Designator=C60(C0805)
Added Component: Designator=C61(C0805)
Added Component: Designator=C62(SMD_El_SizeA)
Added Component: Designator=C63(C0805)
Added Component: Designator=C64(C0805)
Added Component: Designator=C65(SMD_El_SizeA)
Added Component: Designator=P26(KLS_3_5MM)
Added Pin To Net: NetName=-15 Pin=C60-1
Added Pin To Net: NetName=GND Pin=C60-2
Added Pin To Net: NetName=-15 Pin=C61-1
Added Pin To Net: NetName=GND Pin=C61-2
Added Pin To Net: NetName=-15 Pin=C62-1
Added Pin To Net: NetName=GND Pin=C62-2
Added Pin To Net: NetName=GND Pin=C63-1
Added Pin To Net: NetName=-15 Pin=C63-2
Added Pin To Net: NetName=GND Pin=C64-1
Added Pin To Net: NetName=-15 Pin=C64-2
Added Pin To Net: NetName=GND Pin=C65-1
Added Pin To Net: NetName=-15 Pin=C65-2
Added Pin To Net: NetName=-15 Pin=P26-1
Added Pin To Net: NetName=GND Pin=P26-2
Added Pin To Net: NetName=-15 Pin=P26-3
Added Member To Class: ClassName=Task Member=Component C60 100n
Added Member To Class: ClassName=Task Member=Component C61 100n
Added Member To Class: ClassName=Task Member=Component C62 Capacitor_Polyar
Added Member To Class: ClassName=Task Member=Component C63 100n
Added Member To Class: ClassName=Task Member=Component C64 100n
Added Member To Class: ClassName=Task Member=Component C65 Capacitor_Polyar
Added Member To Class: ClassName=Task Member=Component P26 KLS_3_5mm
Added Room: Name=control
Added Room: Name=control_2
Added Room: Name=Res
Added Room: Name=Supply
Added Room: Name=Task
