Replace Part C1 C0805 in F:\Altium\Bender\Main_board\control.SchDoc with C0805 from Library.SchLib
Replace Part C2 Tantal_2.2 in F:\Altium\Bender\Main_board\control.SchDoc with Tantal_2.2 from Library.SchLib
Replace Part C3 Tantal_2.2 in F:\Altium\Bender\Main_board\control.SchDoc with Tantal_2.2 from Library.SchLib
Replace Part C4 C0805 in F:\Altium\Bender\Main_board\control.SchDoc with C0805 from Library.SchLib
Replace Part C5 C0805 in F:\Altium\Bender\Main_board\control.SchDoc with C0805 from Library.SchLib
Replace Part C6 C0805 in F:\Altium\Bender\Main_board\control.SchDoc with C0805 from Library.SchLib
Replace Part C7 C0805 in F:\Altium\Bender\Main_board\control.SchDoc with C0805 from Library.SchLib
Replace Part C8 C0805 in F:\Altium\Bender\Main_board\control.SchDoc with C0805 from Library.SchLib
Replace Part C9 C0805 in F:\Altium\Bender\Main_board\control.SchDoc with C0805 from Library.SchLib
Replace Part C10 C0805 in F:\Altium\Bender\Main_board\control.SchDoc with C0805 from Library.SchLib
Replace Part C11 C0805 in F:\Altium\Bender\Main_board\control.SchDoc with C0805 from Library.SchLib
Replace Part C12 C0805 in F:\Altium\Bender\Main_board\control.SchDoc with C0805 from Library.SchLib
Replace Part D1 hcpl-181 in F:\Altium\Bender\Main_board\control.SchDoc with hcpl-181 from Library.SchLib
Replace Part D2 hcpl-181 in F:\Altium\Bender\Main_board\control.SchDoc with hcpl-181 from Library.SchLib
Replace Part D3 Stm32F407VGT6 in F:\Altium\Bender\Main_board\control.SchDoc with Stm32F407VGT6 from Library.SchLib
Replace Part D4 hcpl-181 in F:\Altium\Bender\Main_board\control.SchDoc with hcpl-181 from Library.SchLib
Replace Part D5 hcpl-181 in F:\Altium\Bender\Main_board\control.SchDoc with hcpl-181 from Library.SchLib
Replace Part D6 hcpl-181 in F:\Altium\Bender\Main_board\control.SchDoc with hcpl-181 from Library.SchLib
Replace Part D7 hcpl-181 in F:\Altium\Bender\Main_board\control.SchDoc with hcpl-181 from Library.SchLib
Replace Part D8 hcpl-181 in F:\Altium\Bender\Main_board\control.SchDoc with hcpl-181 from Library.SchLib
Replace Part D9 hcpl-181 in F:\Altium\Bender\Main_board\control.SchDoc with hcpl-181 from Library.SchLib
Replace Part D10 hcpl-181 in F:\Altium\Bender\Main_board\control.SchDoc with hcpl-181 from Library.SchLib
Replace Part D11 hcpl-181 in F:\Altium\Bender\Main_board\control.SchDoc with hcpl-181 from Library.SchLib
Replace Part D12 hcpl-181 in F:\Altium\Bender\Main_board\control.SchDoc with hcpl-181 from Library.SchLib
Replace Part D13 hcpl-181 in F:\Altium\Bender\Main_board\control.SchDoc with hcpl-181 from Library.SchLib
Replace Part D14 LTV-601 in F:\Altium\Bender\Main_board\control.SchDoc with LTV-601 from Library.SchLib
Replace Part D15 hcpl-181 in F:\Altium\Bender\Main_board\control.SchDoc with hcpl-181 from Library.SchLib
Replace Part D16 hcpl-181 in F:\Altium\Bender\Main_board\control.SchDoc with hcpl-181 from Library.SchLib
Replace Part D17 LTV-601 in F:\Altium\Bender\Main_board\control.SchDoc with LTV-601 from Library.SchLib
Replace Part D18 74HCT132 in F:\Altium\Bender\Main_board\control.SchDoc with 74HCT132 from Library.SchLib
Replace Part D19 ULN2003 in F:\Altium\Bender\Main_board\control.SchDoc with ULN2003 from Library.SchLib
Replace Part D20 ULN2003 in F:\Altium\Bender\Main_board\control.SchDoc with ULN2003 from Library.SchLib
Replace Part D21 LTV-601 in F:\Altium\Bender\Main_board\control.SchDoc with LTV-601 from Library.SchLib
Replace Part D22 LTV-601 in F:\Altium\Bender\Main_board\control.SchDoc with LTV-601 from Library.SchLib
Replace Part D23 74HC595 in F:\Altium\Bender\Main_board\control.SchDoc with 74HC595 from Library.SchLib
Replace Part D24 74HC595 in F:\Altium\Bender\Main_board\control.SchDoc with 74HC595 from Library.SchLib
Replace Part D25 LTV-601 in F:\Altium\Bender\Main_board\control.SchDoc with LTV-601 from Library.SchLib
Replace Part D26 74HC251 in F:\Altium\Bender\Main_board\control.SchDoc with 74HC251 from Library.SchLib
Replace Part D27 74HC251 in F:\Altium\Bender\Main_board\control.SchDoc with 74HC251 from Library.SchLib
Replace Part D28 74HC251 in F:\Altium\Bender\Main_board\control.SchDoc with 74HC251 from Library.SchLib
Replace Part D29 74HC251 in F:\Altium\Bender\Main_board\control.SchDoc with 74HC251 from Library.SchLib
Replace Part D30 74HC595 in F:\Altium\Bender\Main_board\control.SchDoc with 74HC595 from Library.SchLib
Replace Part D31 74HC595 in F:\Altium\Bender\Main_board\control.SchDoc with 74HC595 from Library.SchLib
Replace Part D32 LTV-601 in F:\Altium\Bender\Main_board\control.SchDoc with LTV-601 from Library.SchLib
Replace Part D33 LTV-601 in F:\Altium\Bender\Main_board\control.SchDoc with LTV-601 from Library.SchLib
Replace Part D34 HCT244PW in F:\Altium\Bender\Main_board\control.SchDoc with HCT244PW from Library.SchLib
Replace Part D35 ULN2003 in F:\Altium\Bender\Main_board\control.SchDoc with ULN2003 from Library.SchLib
Replace Part D36 LTV-601 in F:\Altium\Bender\Main_board\control.SchDoc with LTV-601 from Library.SchLib
Replace Part D37 LTV-601 in F:\Altium\Bender\Main_board\control.SchDoc with LTV-601 from Library.SchLib
Replace Part L1 L in F:\Altium\Bender\Main_board\control.SchDoc with L from Library.SchLib
Replace Part P1 Con_5 in F:\Altium\Bender\Main_board\control.SchDoc with Con_5 from Library.SchLib
Replace Part R1 R1206 in F:\Altium\Bender\Main_board\control.SchDoc with R1206 from Library.SchLib
Replace Part R2 R1206 in F:\Altium\Bender\Main_board\control.SchDoc with R1206 from Library.SchLib
Replace Part R3 R0805 in F:\Altium\Bender\Main_board\control.SchDoc with R0805 from Library.SchLib
Replace Part R4 R1206 in F:\Altium\Bender\Main_board\control.SchDoc with R1206 from Library.SchLib
Replace Part R5 R1206 in F:\Altium\Bender\Main_board\control.SchDoc with R1206 from Library.SchLib
Replace Part R6 R0805 in F:\Altium\Bender\Main_board\control.SchDoc with R0805 from Library.SchLib
Replace Part R7 R1206 in F:\Altium\Bender\Main_board\control.SchDoc with R1206 from Library.SchLib
Replace Part R8 R1206 in F:\Altium\Bender\Main_board\control.SchDoc with R1206 from Library.SchLib
Replace Part R9 R1206 in F:\Altium\Bender\Main_board\control.SchDoc with R1206 from Library.SchLib
Replace Part R10 R1206 in F:\Altium\Bender\Main_board\control.SchDoc with R1206 from Library.SchLib
Replace Part R11 R0805 in F:\Altium\Bender\Main_board\control.SchDoc with R0805 from Library.SchLib
Replace Part R12 R0805 in F:\Altium\Bender\Main_board\control.SchDoc with R0805 from Library.SchLib
Replace Part R13 R1206 in F:\Altium\Bender\Main_board\control.SchDoc with R1206 from Library.SchLib
Replace Part R14 R1206 in F:\Altium\Bender\Main_board\control.SchDoc with R1206 from Library.SchLib
Replace Part R15 R0805 in F:\Altium\Bender\Main_board\control.SchDoc with R0805 from Library.SchLib
Replace Part R16 R0805 in F:\Altium\Bender\Main_board\control.SchDoc with R0805 from Library.SchLib
Replace Part R17 R1206 in F:\Altium\Bender\Main_board\control.SchDoc with R1206 from Library.SchLib
Replace Part R18 R1206 in F:\Altium\Bender\Main_board\control.SchDoc with R1206 from Library.SchLib
Replace Part R19 R1206 in F:\Altium\Bender\Main_board\control.SchDoc with R1206 from Library.SchLib
Replace Part R20 R1206 in F:\Altium\Bender\Main_board\control.SchDoc with R1206 from Library.SchLib
Replace Part R21 R0805 in F:\Altium\Bender\Main_board\control.SchDoc with R0805 from Library.SchLib
Replace Part R22 R0805 in F:\Altium\Bender\Main_board\control.SchDoc with R0805 from Library.SchLib
Replace Part R23 R0805 in F:\Altium\Bender\Main_board\control.SchDoc with R0805 from Library.SchLib
Replace Part R24 R0805 in F:\Altium\Bender\Main_board\control.SchDoc with R0805 from Library.SchLib
Replace Part R25 R0805 in F:\Altium\Bender\Main_board\control.SchDoc with R0805 from Library.SchLib
Replace Part R26 R1206 in F:\Altium\Bender\Main_board\control.SchDoc with R1206 from Library.SchLib
Replace Part R27 R0805 in F:\Altium\Bender\Main_board\control.SchDoc with R0805 from Library.SchLib
Replace Part R28 R1206 in F:\Altium\Bender\Main_board\control.SchDoc with R1206 from Library.SchLib
Replace Part R29 R1206 in F:\Altium\Bender\Main_board\control.SchDoc with R1206 from Library.SchLib
Replace Part R30 R0805 in F:\Altium\Bender\Main_board\control.SchDoc with R0805 from Library.SchLib
Replace Part R31 R0805 in F:\Altium\Bender\Main_board\control.SchDoc with R0805 from Library.SchLib
Replace Part R32 R0805 in F:\Altium\Bender\Main_board\control.SchDoc with R0805 from Library.SchLib
Replace Part R33 R0805 in F:\Altium\Bender\Main_board\control.SchDoc with R0805 from Library.SchLib
Replace Part R34 R0805 in F:\Altium\Bender\Main_board\control.SchDoc with R0805 from Library.SchLib
Replace Part R35 R0805 in F:\Altium\Bender\Main_board\control.SchDoc with R0805 from Library.SchLib
Replace Part R36 R0805 in F:\Altium\Bender\Main_board\control.SchDoc with R0805 from Library.SchLib
Replace Part R37 R0805 in F:\Altium\Bender\Main_board\control.SchDoc with R0805 from Library.SchLib
Replace Part R38 R0805 in F:\Altium\Bender\Main_board\control.SchDoc with R0805 from Library.SchLib
Replace Part R39 R0805 in F:\Altium\Bender\Main_board\control.SchDoc with R0805 from Library.SchLib
Replace Part R40 R0805 in F:\Altium\Bender\Main_board\control.SchDoc with R0805 from Library.SchLib
Replace Part R41 R0805 in F:\Altium\Bender\Main_board\control.SchDoc with R0805 from Library.SchLib
Replace Part R42 R0805 in F:\Altium\Bender\Main_board\control.SchDoc with R0805 from Library.SchLib
Replace Part R43 R0805 in F:\Altium\Bender\Main_board\control.SchDoc with R0805 from Library.SchLib
Replace Part R44 R0805 in F:\Altium\Bender\Main_board\control.SchDoc with R0805 from Library.SchLib
Replace Part R45 R0805 in F:\Altium\Bender\Main_board\control.SchDoc with R0805 from Library.SchLib
Replace Part R46 R0805 in F:\Altium\Bender\Main_board\control.SchDoc with R0805 from Library.SchLib
Replace Part R47 R0805 in F:\Altium\Bender\Main_board\control.SchDoc with R0805 from Library.SchLib
Replace Part R48 R0805 in F:\Altium\Bender\Main_board\control.SchDoc with R0805 from Library.SchLib
Replace Part R49 R0805 in F:\Altium\Bender\Main_board\control.SchDoc with R0805 from Library.SchLib
Replace Part R50 R0805 in F:\Altium\Bender\Main_board\control.SchDoc with R0805 from Library.SchLib
Replace Part R51 R0805 in F:\Altium\Bender\Main_board\control.SchDoc with R0805 from Library.SchLib
Replace Part VD1 LL4448 in F:\Altium\Bender\Main_board\control.SchDoc with LL4448 from Library.SchLib
Replace Part VD2 LL4448 in F:\Altium\Bender\Main_board\control.SchDoc with LL4448 from Library.SchLib
Replace Part VD3 LL4448 in F:\Altium\Bender\Main_board\control.SchDoc with LL4448 from Library.SchLib
Replace Part VD4 LL4448 in F:\Altium\Bender\Main_board\control.SchDoc with LL4448 from Library.SchLib
Replace Part VD5 LL4448 in F:\Altium\Bender\Main_board\control.SchDoc with LL4448 from Library.SchLib
Replace Part VD6 LL4448 in F:\Altium\Bender\Main_board\control.SchDoc with LL4448 from Library.SchLib
Replace Part VD7 LL4448 in F:\Altium\Bender\Main_board\control.SchDoc with LL4448 from Library.SchLib
Replace Part VD8 Zener in F:\Altium\Bender\Main_board\control.SchDoc with Zener from Library.SchLib
Replace Part VD9 Zener in F:\Altium\Bender\Main_board\control.SchDoc with Zener from Library.SchLib
Replace Part VD10 Zener in F:\Altium\Bender\Main_board\control.SchDoc with Zener from Library.SchLib
Replace Part VD11 LL4448 in F:\Altium\Bender\Main_board\control.SchDoc with LL4448 from Library.SchLib
Replace Part VD12 Zener in F:\Altium\Bender\Main_board\control.SchDoc with Zener from Library.SchLib
Replace Part VD13 Zener in F:\Altium\Bender\Main_board\control.SchDoc with Zener from Library.SchLib
Replace Part VD14 Zener in F:\Altium\Bender\Main_board\control.SchDoc with Zener from Library.SchLib
Replace Part VD15 LL4448 in F:\Altium\Bender\Main_board\control.SchDoc with LL4448 from Library.SchLib
Replace Part VL1 LED_1206 in F:\Altium\Bender\Main_board\control.SchDoc with LED_1206 from Library.SchLib
Replace Part VT1 NPN in F:\Altium\Bender\Main_board\control.SchDoc with NPN from Library.SchLib
Replace Part VT2 NPN in F:\Altium\Bender\Main_board\control.SchDoc with NPN from Library.SchLib
Replace Part VT3 NPN in F:\Altium\Bender\Main_board\control.SchDoc with NPN from Library.SchLib
Replace Part VT4 NPN in F:\Altium\Bender\Main_board\control.SchDoc with NPN from Library.SchLib
Replace Part Y1 Crystal in F:\Altium\Bender\Main_board\control.SchDoc with Crystal from Library.SchLib
