Replace Part C32 C_polar in F:\Altium\Bender\Main_board\Supply.SchDoc with C_polar from Library.SchLib
Replace Part C33 C0805 in F:\Altium\Bender\Main_board\Supply.SchDoc with C0805 from Library.SchLib
Replace Part C34 C0805 in F:\Altium\Bender\Main_board\Supply.SchDoc with C0805 from Library.SchLib
Replace Part C35 C0805 in F:\Altium\Bender\Main_board\Supply.SchDoc with C0805 from Library.SchLib
Replace Part C36 C0805 in F:\Altium\Bender\Main_board\Supply.SchDoc with C0805 from Library.SchLib
Replace Part C37 C0805 in F:\Altium\Bender\Main_board\Supply.SchDoc with C0805 from Library.SchLib
Replace Part C38 C0805 in F:\Altium\Bender\Main_board\Supply.SchDoc with C0805 from Library.SchLib
Replace Part C39 Capacitor_Polyar in F:\Altium\Bender\Main_board\Supply.SchDoc with Capacitor_Polyar from Library.SchLib
Replace Part C40 Capacitor_Polyar in F:\Altium\Bender\Main_board\Supply.SchDoc with Capacitor_Polyar from Library.SchLib
Replace Part C41 Capacitor_Polyar in F:\Altium\Bender\Main_board\Supply.SchDoc with Capacitor_Polyar from Library.SchLib
Replace Part C42 Capacitor_Polyar in F:\Altium\Bender\Main_board\Supply.SchDoc with Capacitor_Polyar from Library.SchLib
Replace Part C43 Capacitor_Polyar in F:\Altium\Bender\Main_board\Supply.SchDoc with Capacitor_Polyar from Library.SchLib
Replace Part C44 Capacitor_Polyar in F:\Altium\Bender\Main_board\Supply.SchDoc with Capacitor_Polyar from Library.SchLib
Replace Part C45 Capacitor_Polyar in F:\Altium\Bender\Main_board\Supply.SchDoc with Capacitor_Polyar from Library.SchLib
Replace Part C46 C0805 in F:\Altium\Bender\Main_board\Supply.SchDoc with C0805 from Library.SchLib
Replace Part C47 C0805 in F:\Altium\Bender\Main_board\Supply.SchDoc with C0805 from Library.SchLib
Replace Part C48 C0805 in F:\Altium\Bender\Main_board\Supply.SchDoc with C0805 from Library.SchLib
Replace Part C49 C0805 in F:\Altium\Bender\Main_board\Supply.SchDoc with C0805 from Library.SchLib
Replace Part C50 C0805 in F:\Altium\Bender\Main_board\Supply.SchDoc with C0805 from Library.SchLib
Replace Part C51 C0805 in F:\Altium\Bender\Main_board\Supply.SchDoc with C0805 from Library.SchLib
Replace Part C52 C0805 in F:\Altium\Bender\Main_board\Supply.SchDoc with C0805 from Library.SchLib
Replace Part C53 C0805 in F:\Altium\Bender\Main_board\Supply.SchDoc with C0805 from Library.SchLib
Replace Part C54 C0805 in F:\Altium\Bender\Main_board\Supply.SchDoc with C0805 from Library.SchLib
Replace Part C55 C0805 in F:\Altium\Bender\Main_board\Supply.SchDoc with C0805 from Library.SchLib
Replace Part C56 C0805 in F:\Altium\Bender\Main_board\Supply.SchDoc with C0805 from Library.SchLib
Replace Part C57 C0805 in F:\Altium\Bender\Main_board\Supply.SchDoc with C0805 from Library.SchLib
Replace Part C58 Capacitor_Polyar in F:\Altium\Bender\Main_board\Supply.SchDoc with Capacitor_Polyar from Library.SchLib
Replace Part C59 Capacitor_Polyar in F:\Altium\Bender\Main_board\Supply.SchDoc with Capacitor_Polyar from Library.SchLib
Replace Part D38 7833_SOT223 in F:\Altium\Bender\Main_board\Supply.SchDoc with 7833_SOT223 from Library.SchLib
Replace Part P2 Con_5x2 in F:\Altium\Bender\Main_board\Supply.SchDoc with Con_5x2 from Library.SchLib
Replace Part P3 Con_11x2 in F:\Altium\Bender\Main_board\Supply.SchDoc with Con_11x2 from Library.SchLib
Replace Part P4 Con_4x2 in F:\Altium\Bender\Main_board\Supply.SchDoc with Con_4x2 from Library.SchLib
Replace Part P5 KLS_2 in F:\Altium\Bender\Main_board\Supply.SchDoc with KLS_2 from Library.SchLib
Replace Part P6 Con_4 in F:\Altium\Bender\Main_board\Supply.SchDoc with Con_4 from Library.SchLib
Replace Part P7 Con_4 in F:\Altium\Bender\Main_board\Supply.SchDoc with Con_4 from Library.SchLib
Replace Part P8 Con_2x2 in F:\Altium\Bender\Main_board\Supply.SchDoc with Con_2x2 from Library.SchLib
Replace Part P9 Con_2x2 in F:\Altium\Bender\Main_board\Supply.SchDoc with Con_2x2 from Library.SchLib
Replace Part P10 Con_2x2 in F:\Altium\Bender\Main_board\Supply.SchDoc with Con_2x2 from Library.SchLib
Replace Part P11 Con_4 in F:\Altium\Bender\Main_board\Supply.SchDoc with Con_4 from Library.SchLib
Replace Part P12 Con_4x2 in F:\Altium\Bender\Main_board\Supply.SchDoc with Con_4x2 from Library.SchLib
Replace Part P13 Con_3x2 in F:\Altium\Bender\Main_board\Supply.SchDoc with Con_3x2 from Library.SchLib
Replace Part P14 Con_3x2 in F:\Altium\Bender\Main_board\Supply.SchDoc with Con_3x2 from Library.SchLib
Replace Part P15 Con_4x2 in F:\Altium\Bender\Main_board\Supply.SchDoc with Con_4x2 from Library.SchLib
Replace Part P16 Con_4x2 in F:\Altium\Bender\Main_board\Supply.SchDoc with Con_4x2 from Library.SchLib
Replace Part P17 Con_4x2 in F:\Altium\Bender\Main_board\Supply.SchDoc with Con_4x2 from Library.SchLib
Replace Part P18 KLS_2 in F:\Altium\Bender\Main_board\Supply.SchDoc with KLS_2 from Library.SchLib
Replace Part P19 Con_4x2 in F:\Altium\Bender\Main_board\Supply.SchDoc with Con_4x2 from Library.SchLib
Replace Part P20 Con_4x2 in F:\Altium\Bender\Main_board\Supply.SchDoc with Con_4x2 from Library.SchLib
Replace Part P21 Con_4x2 in F:\Altium\Bender\Main_board\Supply.SchDoc with Con_4x2 from Library.SchLib
Replace Part P22 Con_4x2 in F:\Altium\Bender\Main_board\Supply.SchDoc with Con_4x2 from Library.SchLib
Replace Part P23 Con_4x2 in F:\Altium\Bender\Main_board\Supply.SchDoc with Con_4x2 from Library.SchLib
Replace Part P24 Con_4x2 in F:\Altium\Bender\Main_board\Supply.SchDoc with Con_4x2 from Library.SchLib
Replace Part P25 KLS_6_5mm in F:\Altium\Bender\Main_board\Supply.SchDoc with KLS_6_5mm from Library.SchLib
